<?xml version="1.0" encoding="UTF-8"?>
<!-- Generated by org.testng.reporters.JUnitXMLReporter -->
<testsuite hostname="LAPTOP-FR81P7PN" ignored="0" name="Default test(failed)" tests="2" failures="2" timestamp="2020-11-20T08:12:39 IST" time="5.044" errors="0">
  <testcase name="test" time="4.997" classname="com.testng.concepts.AssertVerifyTest">
    <failure type="java.lang.AssertionError" message="expected [Google] but found [Gooogle]">
      <![CDATA[java.lang.AssertionError: expected [Google] but found [Gooogle]
at com.testng.concepts.AssertVerifyTest.test(AssertVerifyTest.java:45)
at java.util.ArrayList.forEach(ArrayList.java:1257)
... Removed 32 stack frames]]>
    </failure>
  </testcase> <!-- test -->
  <testcase name="test2" time="0.007" classname="com.testng.concepts.AssertVerifyTest">
    <failure type="java.lang.AssertionError" message="The following asserts failed:
	expected [B] but found [b]">
      <![CDATA[java.lang.AssertionError: The following asserts failed:
expected [B] but found [b]
at com.testng.concepts.AssertVerifyTest.test2(AssertVerifyTest.java:27)
at java.util.ArrayList.forEach(ArrayList.java:1257)
... Removed 29 stack frames]]>
    </failure>
  </testcase> <!-- test2 -->
</testsuite> <!-- Default test(failed) -->
