<html>
<head>
<title>TestNG:  Command line test</title>
<link href="../testng.css" rel="stylesheet" type="text/css" />
<link href="../my-testng.css" rel="stylesheet" type="text/css" />

<style type="text/css">
.log { display: none;} 
.stack-trace { display: none;} 
</style>
<script type="text/javascript">
<!--
function flip(e) {
  current = e.style.display;
  if (current == 'block') {
    e.style.display = 'none';
    return 0;
  }
  else {
    e.style.display = 'block';
    return 1;
  }
}

function toggleBox(szDivId, elem, msg1, msg2)
{
  var res = -1;  if (document.getElementById) {
    res = flip(document.getElementById(szDivId));
  }
  else if (document.all) {
    // this is the way old msie versions work
    res = flip(document.all[szDivId]);
  }
  if(elem) {
    if(res == 0) elem.innerHTML = msg1; else elem.innerHTML = msg2;
  }

}

function toggleAllBoxes() {
  if (document.getElementsByTagName) {
    d = document.getElementsByTagName('div');
    for (i = 0; i < d.length; i++) {
      if (d[i].className == 'log') {
        flip(d[i]);
      }
    }
  }
}

// -->
</script>

</head>
<body>
<h2 align='center'>Command line test</h2><table border='1' align="center">
<tr>
<td>Tests passed/Failed/Skipped:</td><td>36/3/0</td>
</tr><tr>
<td>Started on:</td><td>Tue Mar 02 06:55:24 IST 2021</td>
</tr>
<tr><td>Total time:</td><td>46 seconds (46952 ms)</td>
</tr><tr>
<td>Included groups:</td><td></td>
</tr><tr>
<td>Excluded groups:</td><td></td>
</tr>
</table><p/>
<small><i>(Hover the method name to see the test class name)</i></small><p/>
<table width='100%' border='1' class='invocation-failed'>
<tr><td colspan='4' align='center'><b>FAILED TESTS</b></td></tr>
<tr><td><b>Test method</b></td>
<td width="30%"><b>Exception</b></td>
<td width="10%"><b>Time (seconds)</b></td>
<td><b>Instance</b></td>
</tr>
<tr>
<td title='com.testng.retryanalyser.SampleTest.homepageValidation()'><b>homepageValidation</b><br>Test class: com.testng.retryanalyser.SampleTest</td>
<td><div><pre>java.lang.AssertionError: expected [Balaji] but found [Bala]
	at com.testng.retryanalyser.SampleTest.homepageValidation(SampleTest.java:18)
	at java.util.ArrayList.forEach(ArrayList.java:1257)
... Removed 42 stack frames</pre></div><a href='#' onClick='toggleBox("stack-trace566113173", this, "Click to show all stack frames", "Click to hide stack frames")'>Click to show all stack frames</a>
<div class='stack-trace' id='stack-trace566113173'><pre>java.lang.AssertionError: expected [Balaji] but found [Bala]
	at org.testng.Assert.fail(Assert.java:97)
	at org.testng.Assert.assertEqualsImpl(Assert.java:136)
	at org.testng.Assert.assertEquals(Assert.java:118)
	at org.testng.Assert.assertEquals(Assert.java:575)
	at org.testng.Assert.assertEquals(Assert.java:585)
	at com.testng.retryanalyser.SampleTest.homepageValidation(SampleTest.java:18)
	at sun.reflect.NativeMethodAccessorImpl.invoke0(Native Method)
	at sun.reflect.NativeMethodAccessorImpl.invoke(NativeMethodAccessorImpl.java:62)
	at sun.reflect.DelegatingMethodAccessorImpl.invoke(DelegatingMethodAccessorImpl.java:43)
	at java.lang.reflect.Method.invoke(Method.java:498)
	at org.testng.internal.MethodInvocationHelper.invokeMethod(MethodInvocationHelper.java:133)
	at org.testng.internal.TestInvoker.invokeMethod(TestInvoker.java:584)
	at org.testng.internal.TestInvoker.invokeTestMethod(TestInvoker.java:172)
	at org.testng.internal.MethodRunner.runInSequence(MethodRunner.java:46)
	at org.testng.internal.TestInvoker$MethodInvocationAgent.invoke(TestInvoker.java:804)
	at org.testng.internal.TestInvoker.invokeTestMethods(TestInvoker.java:145)
	at org.testng.internal.TestMethodWorker.invokeTestMethods(TestMethodWorker.java:146)
	at org.testng.internal.TestMethodWorker.run(TestMethodWorker.java:128)
	at java.util.ArrayList.forEach(ArrayList.java:1257)
	at org.testng.TestRunner.privateRun(TestRunner.java:770)
	at org.testng.TestRunner.run(TestRunner.java:591)
	at org.testng.SuiteRunner.runTest(SuiteRunner.java:402)
	at org.testng.SuiteRunner.runSequentially(SuiteRunner.java:396)
	at org.testng.SuiteRunner.privateRun(SuiteRunner.java:355)
	at org.testng.SuiteRunner.run(SuiteRunner.java:304)
	at org.testng.SuiteRunnerWorker.runSuite(SuiteRunnerWorker.java:53)
	at org.testng.SuiteRunnerWorker.run(SuiteRunnerWorker.java:96)
	at org.testng.TestNG.runSuitesSequentially(TestNG.java:1180)
	at org.testng.TestNG.runSuitesLocally(TestNG.java:1102)
	at org.testng.TestNG.runSuites(TestNG.java:1032)
	at org.testng.TestNG.run(TestNG.java:1000)
	at org.apache.maven.surefire.testng.TestNGExecutor.run(TestNGExecutor.java:77)
	at org.apache.maven.surefire.testng.TestNGDirectoryTestSuite.executeMulti(TestNGDirectoryTestSuite.java:159)
	at org.apache.maven.surefire.testng.TestNGDirectoryTestSuite.execute(TestNGDirectoryTestSuite.java:99)
	at org.apache.maven.surefire.testng.TestNGProvider.invoke(TestNGProvider.java:106)
	at sun.reflect.NativeMethodAccessorImpl.invoke0(Native Method)
	at sun.reflect.NativeMethodAccessorImpl.invoke(NativeMethodAccessorImpl.java:62)
	at sun.reflect.DelegatingMethodAccessorImpl.invoke(DelegatingMethodAccessorImpl.java:43)
	at java.lang.reflect.Method.invoke(Method.java:498)
	at org.apache.maven.surefire.util.ReflectionUtils.invokeMethodWithArray(ReflectionUtils.java:189)
	at org.apache.maven.surefire.booter.ProviderFactory$ProviderProxy.invoke(ProviderFactory.java:165)
	at org.apache.maven.surefire.booter.ProviderFactory.invokeProvider(ProviderFactory.java:85)
	at org.apache.maven.surefire.booter.ForkedBooter.runSuitesInProcess(ForkedBooter.java:115)
	at org.apache.maven.surefire.booter.ForkedBooter.main(ForkedBooter.java:75)
</pre></div></td>
<td>0</td>
<td>com.testng.retryanalyser.SampleTest@548e7350</td></tr>
<tr>
<td title='com.test.concepts.ParameterisedTest.logIn()'><b>logIn</b><br>Test class: com.test.concepts.ParameterisedTest</td>
<td><div><pre>org.testng.TestNGException: 
Parameter &apos;password&apos; is required by @Test on method logIn but has not been marked @Optional or defined

	at java.util.ArrayList.forEach(ArrayList.java:1257)
... Removed 36 stack frames</pre></div><a href='#' onClick='toggleBox("stack-trace1593458942", this, "Click to show all stack frames", "Click to hide stack frames")'>Click to show all stack frames</a>
<div class='stack-trace' id='stack-trace1593458942'><pre>org.testng.TestNGException: 
Parameter &apos;password&apos; is required by @Test on method logIn but has not been marked @Optional or defined

	at org.testng.internal.Parameters.createParams(Parameters.java:289)
	at org.testng.internal.Parameters.createParametersForMethod(Parameters.java:377)
	at org.testng.internal.Parameters.createParameters(Parameters.java:721)
	at org.testng.internal.Parameters.handleParameters(Parameters.java:895)
	at org.testng.internal.Parameters.handleParameters(Parameters.java:762)
	at org.testng.internal.ParameterHandler.handleParameters(ParameterHandler.java:60)
	at org.testng.internal.ParameterHandler.createParameters(ParameterHandler.java:39)
	at org.testng.internal.TestInvoker$MethodInvocationAgent.invoke(TestInvoker.java:771)
	at org.testng.internal.TestInvoker.invokeTestMethods(TestInvoker.java:145)
	at org.testng.internal.TestMethodWorker.invokeTestMethods(TestMethodWorker.java:146)
	at org.testng.internal.TestMethodWorker.run(TestMethodWorker.java:128)
	at java.util.ArrayList.forEach(ArrayList.java:1257)
	at org.testng.TestRunner.privateRun(TestRunner.java:770)
	at org.testng.TestRunner.run(TestRunner.java:591)
	at org.testng.SuiteRunner.runTest(SuiteRunner.java:402)
	at org.testng.SuiteRunner.runSequentially(SuiteRunner.java:396)
	at org.testng.SuiteRunner.privateRun(SuiteRunner.java:355)
	at org.testng.SuiteRunner.run(SuiteRunner.java:304)
	at org.testng.SuiteRunnerWorker.runSuite(SuiteRunnerWorker.java:53)
	at org.testng.SuiteRunnerWorker.run(SuiteRunnerWorker.java:96)
	at org.testng.TestNG.runSuitesSequentially(TestNG.java:1180)
	at org.testng.TestNG.runSuitesLocally(TestNG.java:1102)
	at org.testng.TestNG.runSuites(TestNG.java:1032)
	at org.testng.TestNG.run(TestNG.java:1000)
	at org.apache.maven.surefire.testng.TestNGExecutor.run(TestNGExecutor.java:77)
	at org.apache.maven.surefire.testng.TestNGDirectoryTestSuite.executeMulti(TestNGDirectoryTestSuite.java:159)
	at org.apache.maven.surefire.testng.TestNGDirectoryTestSuite.execute(TestNGDirectoryTestSuite.java:99)
	at org.apache.maven.surefire.testng.TestNGProvider.invoke(TestNGProvider.java:106)
	at sun.reflect.NativeMethodAccessorImpl.invoke0(Native Method)
	at sun.reflect.NativeMethodAccessorImpl.invoke(NativeMethodAccessorImpl.java:62)
	at sun.reflect.DelegatingMethodAccessorImpl.invoke(DelegatingMethodAccessorImpl.java:43)
	at java.lang.reflect.Method.invoke(Method.java:498)
	at org.apache.maven.surefire.util.ReflectionUtils.invokeMethodWithArray(ReflectionUtils.java:189)
	at org.apache.maven.surefire.booter.ProviderFactory$ProviderProxy.invoke(ProviderFactory.java:165)
	at org.apache.maven.surefire.booter.ProviderFactory.invokeProvider(ProviderFactory.java:85)
	at org.apache.maven.surefire.booter.ForkedBooter.runSuitesInProcess(ForkedBooter.java:115)
	at org.apache.maven.surefire.booter.ForkedBooter.main(ForkedBooter.java:75)
</pre></div></td>
<td>0</td>
<td>com.test.concepts.ParameterisedTest@57baeedf</td></tr>
<tr>
<td title='com.testng.retryanalyser.SampleTest.usernameValidation()'><b>usernameValidation</b><br>Test class: com.testng.retryanalyser.SampleTest</td>
<td><div><pre>java.lang.AssertionError: expected [ArunKumar] but found [Arun]
	at com.testng.retryanalyser.SampleTest.usernameValidation(SampleTest.java:12)
	at java.util.ArrayList.forEach(ArrayList.java:1257)
... Removed 42 stack frames</pre></div><a href='#' onClick='toggleBox("stack-trace2017797638", this, "Click to show all stack frames", "Click to hide stack frames")'>Click to show all stack frames</a>
<div class='stack-trace' id='stack-trace2017797638'><pre>java.lang.AssertionError: expected [ArunKumar] but found [Arun]
	at org.testng.Assert.fail(Assert.java:97)
	at org.testng.Assert.assertEqualsImpl(Assert.java:136)
	at org.testng.Assert.assertEquals(Assert.java:118)
	at org.testng.Assert.assertEquals(Assert.java:575)
	at org.testng.Assert.assertEquals(Assert.java:585)
	at com.testng.retryanalyser.SampleTest.usernameValidation(SampleTest.java:12)
	at sun.reflect.NativeMethodAccessorImpl.invoke0(Native Method)
	at sun.reflect.NativeMethodAccessorImpl.invoke(NativeMethodAccessorImpl.java:62)
	at sun.reflect.DelegatingMethodAccessorImpl.invoke(DelegatingMethodAccessorImpl.java:43)
	at java.lang.reflect.Method.invoke(Method.java:498)
	at org.testng.internal.MethodInvocationHelper.invokeMethod(MethodInvocationHelper.java:133)
	at org.testng.internal.TestInvoker.invokeMethod(TestInvoker.java:584)
	at org.testng.internal.TestInvoker.invokeTestMethod(TestInvoker.java:172)
	at org.testng.internal.MethodRunner.runInSequence(MethodRunner.java:46)
	at org.testng.internal.TestInvoker$MethodInvocationAgent.invoke(TestInvoker.java:804)
	at org.testng.internal.TestInvoker.invokeTestMethods(TestInvoker.java:145)
	at org.testng.internal.TestMethodWorker.invokeTestMethods(TestMethodWorker.java:146)
	at org.testng.internal.TestMethodWorker.run(TestMethodWorker.java:128)
	at java.util.ArrayList.forEach(ArrayList.java:1257)
	at org.testng.TestRunner.privateRun(TestRunner.java:770)
	at org.testng.TestRunner.run(TestRunner.java:591)
	at org.testng.SuiteRunner.runTest(SuiteRunner.java:402)
	at org.testng.SuiteRunner.runSequentially(SuiteRunner.java:396)
	at org.testng.SuiteRunner.privateRun(SuiteRunner.java:355)
	at org.testng.SuiteRunner.run(SuiteRunner.java:304)
	at org.testng.SuiteRunnerWorker.runSuite(SuiteRunnerWorker.java:53)
	at org.testng.SuiteRunnerWorker.run(SuiteRunnerWorker.java:96)
	at org.testng.TestNG.runSuitesSequentially(TestNG.java:1180)
	at org.testng.TestNG.runSuitesLocally(TestNG.java:1102)
	at org.testng.TestNG.runSuites(TestNG.java:1032)
	at org.testng.TestNG.run(TestNG.java:1000)
	at org.apache.maven.surefire.testng.TestNGExecutor.run(TestNGExecutor.java:77)
	at org.apache.maven.surefire.testng.TestNGDirectoryTestSuite.executeMulti(TestNGDirectoryTestSuite.java:159)
	at org.apache.maven.surefire.testng.TestNGDirectoryTestSuite.execute(TestNGDirectoryTestSuite.java:99)
	at org.apache.maven.surefire.testng.TestNGProvider.invoke(TestNGProvider.java:106)
	at sun.reflect.NativeMethodAccessorImpl.invoke0(Native Method)
	at sun.reflect.NativeMethodAccessorImpl.invoke(NativeMethodAccessorImpl.java:62)
	at sun.reflect.DelegatingMethodAccessorImpl.invoke(DelegatingMethodAccessorImpl.java:43)
	at java.lang.reflect.Method.invoke(Method.java:498)
	at org.apache.maven.surefire.util.ReflectionUtils.invokeMethodWithArray(ReflectionUtils.java:189)
	at org.apache.maven.surefire.booter.ProviderFactory$ProviderProxy.invoke(ProviderFactory.java:165)
	at org.apache.maven.surefire.booter.ProviderFactory.invokeProvider(ProviderFactory.java:85)
	at org.apache.maven.surefire.booter.ForkedBooter.runSuitesInProcess(ForkedBooter.java:115)
	at org.apache.maven.surefire.booter.ForkedBooter.main(ForkedBooter.java:75)
</pre></div></td>
<td>0</td>
<td>com.testng.retryanalyser.SampleTest@548e7350</td></tr>
</table><p>
<table width='100%' border='1' class='invocation-passed'>
<tr><td colspan='4' align='center'><b>PASSED TESTS</b></td></tr>
<tr><td><b>Test method</b></td>
<td width="30%"><b>Exception</b></td>
<td width="10%"><b>Time (seconds)</b></td>
<td><b>Instance</b></td>
</tr>
<tr>
<td title='com.test.concepts.GroupTest.APITest1()'><b>APITest1</b><br>Test class: com.test.concepts.GroupTest</td>
<td></td>
<td>0</td>
<td>com.test.concepts.GroupTest@7d9d1a19</td></tr>
<tr>
<td title='com.testng.concepts.GroupTest.APITest1()'><b>APITest1</b><br>Test class: com.testng.concepts.GroupTest</td>
<td></td>
<td>0</td>
<td>com.testng.concepts.GroupTest@5442a311</td></tr>
<tr>
<td title='com.test.concepts.GroupTest.APITest2()'><b>APITest2</b><br>Test class: com.test.concepts.GroupTest</td>
<td></td>
<td>0</td>
<td>com.test.concepts.GroupTest@7d9d1a19</td></tr>
<tr>
<td title='com.testng.concepts.GroupTest.APITest2()'><b>APITest2</b><br>Test class: com.testng.concepts.GroupTest</td>
<td></td>
<td>0</td>
<td>com.testng.concepts.GroupTest@5442a311</td></tr>
<tr>
<td title='com.test.concepts.ParallelTest.amazonTest()'><b>amazonTest</b><br>Test class: com.test.concepts.ParallelTest</td>
<td></td>
<td>26</td>
<td>com.test.concepts.ParallelTest@42e26948</td></tr>
<tr>
<td title='com.test.concepts.ParallelTest.flipKart()'><b>flipKart</b><br>Test class: com.test.concepts.ParallelTest</td>
<td></td>
<td>16</td>
<td>com.test.concepts.ParallelTest@42e26948</td></tr>
<tr>
<td title='com.test.concepts.GroupTest.git1()'><b>git1</b><br>Test class: com.test.concepts.GroupTest</td>
<td></td>
<td>0</td>
<td>com.test.concepts.GroupTest@7d9d1a19</td></tr>
<tr>
<td title='com.testng.concepts.GroupTest.git1()'><b>git1</b><br>Test class: com.testng.concepts.GroupTest</td>
<td></td>
<td>0</td>
<td>com.testng.concepts.GroupTest@5442a311</td></tr>
<tr>
<td title='com.test.concepts.GroupTest.git2()'><b>git2</b><br>Test class: com.test.concepts.GroupTest</td>
<td></td>
<td>0</td>
<td>com.test.concepts.GroupTest@7d9d1a19</td></tr>
<tr>
<td title='com.testng.concepts.GroupTest.git2()'><b>git2</b><br>Test class: com.testng.concepts.GroupTest</td>
<td></td>
<td>0</td>
<td>com.testng.concepts.GroupTest@5442a311</td></tr>
<tr>
<td title='com.test.concepts.DataProviderTest.logIn()'><b>logIn</b><br>Test class: com.test.concepts.DataProviderTest<br>Parameters: AAA, 111</td>
<td></td>
<td>0</td>
<td>com.test.concepts.DataProviderTest@6093dd95</td></tr>
<tr>
<td title='com.test.concepts.DataProviderTest.logIn()'><b>logIn</b><br>Test class: com.test.concepts.DataProviderTest<br>Parameters: BBB, 222</td>
<td></td>
<td>0</td>
<td>com.test.concepts.DataProviderTest@6093dd95</td></tr>
<tr>
<td title='com.test.concepts.DataProviderTest.logIn()'><b>logIn</b><br>Test class: com.test.concepts.DataProviderTest<br>Parameters: CCC, 333</td>
<td></td>
<td>0</td>
<td>com.test.concepts.DataProviderTest@6093dd95</td></tr>
<tr>
<td title='com.test.concepts.PriorityTest.searchFruits()'><b>searchFruits</b><br>Test class: com.test.concepts.PriorityTest</td>
<td></td>
<td>0</td>
<td>com.test.concepts.PriorityTest@343f4d3d</td></tr>
<tr>
<td title='com.test.concepts.DependencyTest.searchLaptop()'><b>searchLaptop</b><br>Test class: com.test.concepts.DependencyTest</td>
<td></td>
<td>0</td>
<td>com.test.concepts.DependencyTest@5622fdf</td></tr>
<tr>
<td title='com.test.concepts.InvocationTest.searchLaptop()'><b>searchLaptop</b><br>Test class: com.test.concepts.InvocationTest</td>
<td></td>
<td>0</td>
<td>com.test.concepts.InvocationTest@1794d431</td></tr>
<tr>
<td title='com.test.concepts.InvocationTest.searchLaptop()'><b>searchLaptop</b><br>Test class: com.test.concepts.InvocationTest</td>
<td></td>
<td>0</td>
<td>com.test.concepts.InvocationTest@1794d431</td></tr>
<tr>
<td title='com.test.concepts.PriorityTest.searchLaptop()'><b>searchLaptop</b><br>Test class: com.test.concepts.PriorityTest</td>
<td></td>
<td>0</td>
<td>com.test.concepts.PriorityTest@343f4d3d</td></tr>
<tr>
<td title='com.test.concepts.TimeOutTest.searchLaptop()'><b>searchLaptop</b><br>Test class: com.test.concepts.TimeOutTest</td>
<td></td>
<td>2</td>
<td>com.test.concepts.TimeOutTest@53b32d7</td></tr>
<tr>
<td title='com.test.concepts.DependencyTest.searchMobile()'><b>searchMobile</b><br>Test class: com.test.concepts.DependencyTest</td>
<td></td>
<td>0</td>
<td>com.test.concepts.DependencyTest@5622fdf</td></tr>
<tr>
<td title='com.test.concepts.InvocationTest.searchMobile()'><b>searchMobile</b><br>Test class: com.test.concepts.InvocationTest</td>
<td></td>
<td>0</td>
<td>com.test.concepts.InvocationTest@1794d431</td></tr>
<tr>
<td title='com.test.concepts.InvocationTest.searchMobile()'><b>searchMobile</b><br>Test class: com.test.concepts.InvocationTest</td>
<td></td>
<td>0</td>
<td>com.test.concepts.InvocationTest@1794d431</td></tr>
<tr>
<td title='com.test.concepts.InvocationTest.searchMobile()'><b>searchMobile</b><br>Test class: com.test.concepts.InvocationTest</td>
<td></td>
<td>0</td>
<td>com.test.concepts.InvocationTest@1794d431</td></tr>
<tr>
<td title='com.test.concepts.InvocationTest.searchMobile()'><b>searchMobile</b><br>Test class: com.test.concepts.InvocationTest</td>
<td></td>
<td>0</td>
<td>com.test.concepts.InvocationTest@1794d431</td></tr>
<tr>
<td title='com.test.concepts.PriorityTest.searchMobile()'><b>searchMobile</b><br>Test class: com.test.concepts.PriorityTest</td>
<td></td>
<td>0</td>
<td>com.test.concepts.PriorityTest@343f4d3d</td></tr>
<tr>
<td title='com.test.concepts.TimeOutTest.searchMobile()'><b>searchMobile</b><br>Test class: com.test.concepts.TimeOutTest</td>
<td></td>
<td>1</td>
<td>com.test.concepts.TimeOutTest@53b32d7</td></tr>
<tr>
<td title='com.test.concepts.IgnoreTest.searchTv()'><b>searchTv</b><br>Test class: com.test.concepts.IgnoreTest</td>
<td></td>
<td>0</td>
<td>com.test.concepts.IgnoreTest@39c0f4a</td></tr>
<tr>
<td title='com.test.concepts.PriorityTest.searchTv()'><b>searchTv</b><br>Test class: com.test.concepts.PriorityTest</td>
<td></td>
<td>0</td>
<td>com.test.concepts.PriorityTest@343f4d3d</td></tr>
<tr>
<td title='com.test.concepts.DependencyTest.searchWatch()'><b>searchWatch</b><br>Test class: com.test.concepts.DependencyTest</td>
<td></td>
<td>0</td>
<td>com.test.concepts.DependencyTest@5622fdf</td></tr>
<tr>
<td title='com.test.concepts.InvocationTest.searchWatch()'><b>searchWatch</b><br>Test class: com.test.concepts.InvocationTest</td>
<td></td>
<td>0</td>
<td>com.test.concepts.InvocationTest@1794d431</td></tr>
<tr>
<td title='com.test.concepts.PriorityTest.searchWatch()'><b>searchWatch</b><br>Test class: com.test.concepts.PriorityTest</td>
<td></td>
<td>0</td>
<td>com.test.concepts.PriorityTest@343f4d3d</td></tr>
<tr>
<td title='com.test.concepts.GroupTest.seleniumTest1()'><b>seleniumTest1</b><br>Test class: com.test.concepts.GroupTest</td>
<td></td>
<td>0</td>
<td>com.test.concepts.GroupTest@7d9d1a19</td></tr>
<tr>
<td title='com.testng.concepts.GroupTest.seleniumTest1()'><b>seleniumTest1</b><br>Test class: com.testng.concepts.GroupTest</td>
<td></td>
<td>0</td>
<td>com.testng.concepts.GroupTest@5442a311</td></tr>
<tr>
<td title='com.test.concepts.GroupTest.seleniumTest2()'><b>seleniumTest2</b><br>Test class: com.test.concepts.GroupTest</td>
<td></td>
<td>0</td>
<td>com.test.concepts.GroupTest@7d9d1a19</td></tr>
<tr>
<td title='com.testng.concepts.GroupTest.seleniumTest2()'><b>seleniumTest2</b><br>Test class: com.testng.concepts.GroupTest</td>
<td></td>
<td>0</td>
<td>com.testng.concepts.GroupTest@5442a311</td></tr>
<tr>
<td title='com.test.concepts.ExceptionTest.test()'><b>test</b><br>Test class: com.test.concepts.ExceptionTest</td>
<td><div><pre>java.lang.ArithmeticException: / by zero
	at com.test.concepts.ExceptionTest.test(ExceptionTest.java:9)
	at java.util.ArrayList.forEach(ArrayList.java:1257)
... Removed 37 stack frames</pre></div><a href='#' onClick='toggleBox("stack-trace245475541", this, "Click to show all stack frames", "Click to hide stack frames")'>Click to show all stack frames</a>
<div class='stack-trace' id='stack-trace245475541'><pre>java.lang.ArithmeticException: / by zero
	at com.test.concepts.ExceptionTest.test(ExceptionTest.java:9)
	at sun.reflect.NativeMethodAccessorImpl.invoke0(Native Method)
	at sun.reflect.NativeMethodAccessorImpl.invoke(NativeMethodAccessorImpl.java:62)
	at sun.reflect.DelegatingMethodAccessorImpl.invoke(DelegatingMethodAccessorImpl.java:43)
	at java.lang.reflect.Method.invoke(Method.java:498)
	at org.testng.internal.MethodInvocationHelper.invokeMethod(MethodInvocationHelper.java:133)
	at org.testng.internal.TestInvoker.invokeMethod(TestInvoker.java:584)
	at org.testng.internal.TestInvoker.invokeTestMethod(TestInvoker.java:172)
	at org.testng.internal.MethodRunner.runInSequence(MethodRunner.java:46)
	at org.testng.internal.TestInvoker$MethodInvocationAgent.invoke(TestInvoker.java:804)
	at org.testng.internal.TestInvoker.invokeTestMethods(TestInvoker.java:145)
	at org.testng.internal.TestMethodWorker.invokeTestMethods(TestMethodWorker.java:146)
	at org.testng.internal.TestMethodWorker.run(TestMethodWorker.java:128)
	at java.util.ArrayList.forEach(ArrayList.java:1257)
	at org.testng.TestRunner.privateRun(TestRunner.java:770)
	at org.testng.TestRunner.run(TestRunner.java:591)
	at org.testng.SuiteRunner.runTest(SuiteRunner.java:402)
	at org.testng.SuiteRunner.runSequentially(SuiteRunner.java:396)
	at org.testng.SuiteRunner.privateRun(SuiteRunner.java:355)
	at org.testng.SuiteRunner.run(SuiteRunner.java:304)
	at org.testng.SuiteRunnerWorker.runSuite(SuiteRunnerWorker.java:53)
	at org.testng.SuiteRunnerWorker.run(SuiteRunnerWorker.java:96)
	at org.testng.TestNG.runSuitesSequentially(TestNG.java:1180)
	at org.testng.TestNG.runSuitesLocally(TestNG.java:1102)
	at org.testng.TestNG.runSuites(TestNG.java:1032)
	at org.testng.TestNG.run(TestNG.java:1000)
	at org.apache.maven.surefire.testng.TestNGExecutor.run(TestNGExecutor.java:77)
	at org.apache.maven.surefire.testng.TestNGDirectoryTestSuite.executeMulti(TestNGDirectoryTestSuite.java:159)
	at org.apache.maven.surefire.testng.TestNGDirectoryTestSuite.execute(TestNGDirectoryTestSuite.java:99)
	at org.apache.maven.surefire.testng.TestNGProvider.invoke(TestNGProvider.java:106)
	at sun.reflect.NativeMethodAccessorImpl.invoke0(Native Method)
	at sun.reflect.NativeMethodAccessorImpl.invoke(NativeMethodAccessorImpl.java:62)
	at sun.reflect.DelegatingMethodAccessorImpl.invoke(DelegatingMethodAccessorImpl.java:43)
	at java.lang.reflect.Method.invoke(Method.java:498)
	at org.apache.maven.surefire.util.ReflectionUtils.invokeMethodWithArray(ReflectionUtils.java:189)
	at org.apache.maven.surefire.booter.ProviderFactory$ProviderProxy.invoke(ProviderFactory.java:165)
	at org.apache.maven.surefire.booter.ProviderFactory.invokeProvider(ProviderFactory.java:85)
	at org.apache.maven.surefire.booter.ForkedBooter.runSuitesInProcess(ForkedBooter.java:115)
	at org.apache.maven.surefire.booter.ForkedBooter.main(ForkedBooter.java:75)
</pre></div></td>
<td>0</td>
<td>com.test.concepts.ExceptionTest@4883b407</td></tr>
</table><p>
</body>
</html>