<?xml version="1.0" encoding="UTF-8"?>
<!-- Generated by org.testng.reporters.JUnitXMLReporter -->
<testsuite hostname="LAPTOP-FR81P7PN" ignored="2" name="Command line test" tests="39" failures="3" timestamp="2021-03-02T06:56:11 IST" time="46.952" errors="0">
  <testcase name="logIn" time="0.012" classname="com.test.concepts.DataProviderTest"/>
  <testcase name="logIn" time="0.0" classname="com.test.concepts.DataProviderTest"/>
  <testcase name="logIn" time="0.0" classname="com.test.concepts.DataProviderTest"/>
  <testcase name="searchWatch" time="0.0" classname="com.test.concepts.DependencyTest"/>
  <testcase name="searchLaptop" time="0.0" classname="com.test.concepts.DependencyTest"/>
  <testcase name="searchMobile" time="0.001" classname="com.test.concepts.DependencyTest"/>
  <testcase name="test" time="0.001" classname="com.test.concepts.ExceptionTest"/>
  <testcase name="APITest1" time="0.001" classname="com.test.concepts.GroupTest"/>
  <testcase name="APITest2" time="0.0" classname="com.test.concepts.GroupTest"/>
  <testcase name="git1" time="0.001" classname="com.test.concepts.GroupTest"/>
  <testcase name="git2" time="0.0" classname="com.test.concepts.GroupTest"/>
  <testcase name="seleniumTest1" time="0.001" classname="com.test.concepts.GroupTest"/>
  <testcase name="seleniumTest2" time="0.001" classname="com.test.concepts.GroupTest"/>
  <testcase name="searchTv" time="0.001" classname="com.test.concepts.IgnoreTest"/>
  <testcase name="searchLaptop" time="0.001" classname="com.test.concepts.InvocationTest"/>
  <testcase name="searchLaptop" time="0.0" classname="com.test.concepts.InvocationTest"/>
  <testcase name="searchMobile" time="0.001" classname="com.test.concepts.InvocationTest"/>
  <testcase name="searchMobile" time="0.0" classname="com.test.concepts.InvocationTest"/>
  <testcase name="searchMobile" time="0.0" classname="com.test.concepts.InvocationTest"/>
  <testcase name="searchMobile" time="0.0" classname="com.test.concepts.InvocationTest"/>
  <testcase name="searchWatch" time="0.0" classname="com.test.concepts.InvocationTest"/>
  <testcase name="amazonTest" time="26.983" classname="com.test.concepts.ParallelTest"/>
  <testcase name="flipKart" time="16.773" classname="com.test.concepts.ParallelTest"/>
  <testcase name="logIn" time="0.0" classname="com.test.concepts.ParameterisedTest">
    <failure type="org.testng.TestNGException" message="
Parameter &amp;apos;password&amp;apos; is required by @Test on method logIn but has not been marked @Optional or defined
">
      <![CDATA[org.testng.TestNGException: 
Parameter 'password' is required by @Test on method logIn but has not been marked @Optional or defined

at java.util.ArrayList.forEach(ArrayList.java:1257)
... Removed 36 stack frames]]>
    </failure>
  </testcase> <!-- logIn -->
  <testcase name="searchLaptop" time="0.001" classname="com.test.concepts.PriorityTest"/>
  <testcase name="searchTv" time="0.0" classname="com.test.concepts.PriorityTest"/>
  <testcase name="searchFruits" time="0.0" classname="com.test.concepts.PriorityTest"/>
  <testcase name="searchWatch" time="0.0" classname="com.test.concepts.PriorityTest"/>
  <testcase name="searchMobile" time="0.001" classname="com.test.concepts.PriorityTest"/>
  <testcase name="searchLaptop" time="2.0" classname="com.test.concepts.TimeOutTest"/>
  <testcase name="searchMobile" time="1.002" classname="com.test.concepts.TimeOutTest"/>
  <testcase name="APITest1" time="0.0" classname="com.testng.concepts.GroupTest"/>
  <testcase name="APITest2" time="0.0" classname="com.testng.concepts.GroupTest"/>
  <testcase name="git1" time="0.0" classname="com.testng.concepts.GroupTest"/>
  <testcase name="git2" time="0.0" classname="com.testng.concepts.GroupTest"/>
  <testcase name="seleniumTest1" time="0.0" classname="com.testng.concepts.GroupTest"/>
  <testcase name="seleniumTest2" time="0.0" classname="com.testng.concepts.GroupTest"/>
  <testcase name="homepageValidation" time="0.004" classname="com.testng.retryanalyser.SampleTest">
    <failure type="java.lang.AssertionError" message="expected [Balaji] but found [Bala]">
      <![CDATA[java.lang.AssertionError: expected [Balaji] but found [Bala]
at com.testng.retryanalyser.SampleTest.homepageValidation(SampleTest.java:18)
at java.util.ArrayList.forEach(ArrayList.java:1257)
... Removed 42 stack frames]]>
    </failure>
  </testcase> <!-- homepageValidation -->
  <testcase name="usernameValidation" time="0.001" classname="com.testng.retryanalyser.SampleTest">
    <failure type="java.lang.AssertionError" message="expected [ArunKumar] but found [Arun]">
      <![CDATA[java.lang.AssertionError: expected [ArunKumar] but found [Arun]
at com.testng.retryanalyser.SampleTest.usernameValidation(SampleTest.java:12)
at java.util.ArrayList.forEach(ArrayList.java:1257)
... Removed 42 stack frames]]>
    </failure>
  </testcase> <!-- usernameValidation -->
  <testcase name="searchLaptop" time="0.0" classname="com.test.concepts.IgnoreTest">
    <ignored/>
  </testcase> <!-- searchLaptop -->
  <testcase name="searchMobile" time="0.0" classname="com.test.concepts.IgnoreTest">
    <ignored/>
  </testcase> <!-- searchMobile -->
</testsuite> <!-- Command line test -->
