<?xml version="1.0" encoding="UTF-8"?>
<testng-results skipped="0" failed="3" ignored="2" total="41" passed="36">
  <reporter-output>
  </reporter-output>
  <suite name="Command line suite" duration-ms="46952" started-at="2021-03-02T06:55:24 IST" finished-at="2021-03-02T06:56:11 IST">
    <groups>
      <group name="Git">
        <method signature="GroupTest.git1()[pri:0, instance:com.test.concepts.GroupTest@7d9d1a19]" name="git1" class="com.test.concepts.GroupTest"/>
        <method signature="GroupTest.git1()[pri:0, instance:com.testng.concepts.GroupTest@5442a311]" name="git1" class="com.testng.concepts.GroupTest"/>
        <method signature="GroupTest.git2()[pri:0, instance:com.test.concepts.GroupTest@7d9d1a19]" name="git2" class="com.test.concepts.GroupTest"/>
        <method signature="GroupTest.git2()[pri:0, instance:com.testng.concepts.GroupTest@5442a311]" name="git2" class="com.testng.concepts.GroupTest"/>
      </group> <!-- Git -->
      <group name="API">
        <method signature="GroupTest.APITest1()[pri:0, instance:com.test.concepts.GroupTest@7d9d1a19]" name="APITest1" class="com.test.concepts.GroupTest"/>
        <method signature="GroupTest.APITest1()[pri:0, instance:com.testng.concepts.GroupTest@5442a311]" name="APITest1" class="com.testng.concepts.GroupTest"/>
        <method signature="GroupTest.APITest2()[pri:0, instance:com.test.concepts.GroupTest@7d9d1a19]" name="APITest2" class="com.test.concepts.GroupTest"/>
        <method signature="GroupTest.APITest2()[pri:0, instance:com.testng.concepts.GroupTest@5442a311]" name="APITest2" class="com.testng.concepts.GroupTest"/>
      </group> <!-- API -->
      <group name="Selenium">
        <method signature="GroupTest.seleniumTest1()[pri:0, instance:com.test.concepts.GroupTest@7d9d1a19]" name="seleniumTest1" class="com.test.concepts.GroupTest"/>
        <method signature="GroupTest.seleniumTest1()[pri:0, instance:com.testng.concepts.GroupTest@5442a311]" name="seleniumTest1" class="com.testng.concepts.GroupTest"/>
        <method signature="GroupTest.seleniumTest2()[pri:0, instance:com.test.concepts.GroupTest@7d9d1a19]" name="seleniumTest2" class="com.test.concepts.GroupTest"/>
        <method signature="GroupTest.seleniumTest2()[pri:0, instance:com.testng.concepts.GroupTest@5442a311]" name="seleniumTest2" class="com.testng.concepts.GroupTest"/>
      </group> <!-- Selenium -->
    </groups>
    <test name="Command line test" duration-ms="46952" started-at="2021-03-02T06:55:24 IST" finished-at="2021-03-02T06:56:11 IST">
      <class name="com.test.concepts.TimeOutTest">
        <test-method status="PASS" signature="searchLaptop()[pri:0, instance:com.test.concepts.TimeOutTest@53b32d7]" name="searchLaptop" duration-ms="2000" started-at="2021-03-02T06:56:08 IST" finished-at="2021-03-02T06:56:10 IST">
          <reporter-output>
          </reporter-output>
        </test-method> <!-- searchLaptop -->
        <test-method status="PASS" signature="searchMobile()[pri:0, instance:com.test.concepts.TimeOutTest@53b32d7]" name="searchMobile" duration-ms="1002" started-at="2021-03-02T06:56:10 IST" finished-at="2021-03-02T06:56:11 IST">
          <reporter-output>
          </reporter-output>
        </test-method> <!-- searchMobile -->
      </class> <!-- com.test.concepts.TimeOutTest -->
      <class name="com.testng.concepts.GroupTest">
        <test-method status="PASS" signature="APITest1()[pri:0, instance:com.testng.concepts.GroupTest@5442a311]" name="APITest1" duration-ms="0" started-at="2021-03-02T06:56:11 IST" finished-at="2021-03-02T06:56:11 IST">
          <reporter-output>
          </reporter-output>
        </test-method> <!-- APITest1 -->
        <test-method status="PASS" signature="APITest2()[pri:0, instance:com.testng.concepts.GroupTest@5442a311]" name="APITest2" duration-ms="0" started-at="2021-03-02T06:56:11 IST" finished-at="2021-03-02T06:56:11 IST">
          <reporter-output>
          </reporter-output>
        </test-method> <!-- APITest2 -->
        <test-method status="PASS" signature="git1()[pri:0, instance:com.testng.concepts.GroupTest@5442a311]" name="git1" duration-ms="0" started-at="2021-03-02T06:56:11 IST" finished-at="2021-03-02T06:56:11 IST">
          <reporter-output>
          </reporter-output>
        </test-method> <!-- git1 -->
        <test-method status="PASS" signature="git2()[pri:0, instance:com.testng.concepts.GroupTest@5442a311]" name="git2" duration-ms="0" started-at="2021-03-02T06:56:11 IST" finished-at="2021-03-02T06:56:11 IST">
          <reporter-output>
          </reporter-output>
        </test-method> <!-- git2 -->
        <test-method status="PASS" signature="seleniumTest2()[pri:0, instance:com.testng.concepts.GroupTest@5442a311]" name="seleniumTest2" duration-ms="0" started-at="2021-03-02T06:56:11 IST" finished-at="2021-03-02T06:56:11 IST">
          <reporter-output>
          </reporter-output>
        </test-method> <!-- seleniumTest2 -->
        <test-method status="PASS" signature="seleniumTest1()[pri:0, instance:com.testng.concepts.GroupTest@5442a311]" name="seleniumTest1" duration-ms="0" started-at="2021-03-02T06:56:11 IST" finished-at="2021-03-02T06:56:11 IST">
          <reporter-output>
          </reporter-output>
        </test-method> <!-- seleniumTest1 -->
      </class> <!-- com.testng.concepts.GroupTest -->
      <class name="com.test.concepts.DependencyTest">
        <test-method status="PASS" signature="searchWatch()[pri:0, instance:com.test.concepts.DependencyTest@5622fdf]" name="searchWatch" duration-ms="0" started-at="2021-03-02T06:55:24 IST" finished-at="2021-03-02T06:55:24 IST">
          <reporter-output>
          </reporter-output>
        </test-method> <!-- searchWatch -->
        <test-method status="PASS" signature="searchLaptop()[pri:0, instance:com.test.concepts.DependencyTest@5622fdf]" name="searchLaptop" duration-ms="0" started-at="2021-03-02T06:55:24 IST" depends-on-methods="com.test.concepts.DependencyTest.searchWatch" finished-at="2021-03-02T06:55:24 IST">
          <reporter-output>
          </reporter-output>
        </test-method> <!-- searchLaptop -->
        <test-method status="PASS" signature="searchMobile()[pri:0, instance:com.test.concepts.DependencyTest@5622fdf]" name="searchMobile" duration-ms="1" started-at="2021-03-02T06:55:24 IST" depends-on-methods="com.test.concepts.DependencyTest.searchLaptop" finished-at="2021-03-02T06:55:24 IST">
          <reporter-output>
          </reporter-output>
        </test-method> <!-- searchMobile -->
      </class> <!-- com.test.concepts.DependencyTest -->
      <class name="com.testng.retryanalyser.SampleTest">
        <test-method status="FAIL" signature="homepageValidation()[pri:0, instance:com.testng.retryanalyser.SampleTest@548e7350]" name="homepageValidation" duration-ms="4" started-at="2021-03-02T06:56:11 IST" finished-at="2021-03-02T06:56:11 IST">
          <exception class="java.lang.AssertionError">
            <message>
              <![CDATA[expected [Balaji] but found [Bala]]]>
            </message>
            <full-stacktrace>
              <![CDATA[java.lang.AssertionError: expected [Balaji] but found [Bala]
at org.testng.Assert.fail(Assert.java:97)
at org.testng.Assert.assertEqualsImpl(Assert.java:136)
at org.testng.Assert.assertEquals(Assert.java:118)
at org.testng.Assert.assertEquals(Assert.java:575)
at org.testng.Assert.assertEquals(Assert.java:585)
at com.testng.retryanalyser.SampleTest.homepageValidation(SampleTest.java:18)
at sun.reflect.NativeMethodAccessorImpl.invoke0(Native Method)
at sun.reflect.NativeMethodAccessorImpl.invoke(NativeMethodAccessorImpl.java:62)
at sun.reflect.DelegatingMethodAccessorImpl.invoke(DelegatingMethodAccessorImpl.java:43)
at java.lang.reflect.Method.invoke(Method.java:498)
at org.testng.internal.MethodInvocationHelper.invokeMethod(MethodInvocationHelper.java:133)
at org.testng.internal.TestInvoker.invokeMethod(TestInvoker.java:584)
at org.testng.internal.TestInvoker.invokeTestMethod(TestInvoker.java:172)
at org.testng.internal.MethodRunner.runInSequence(MethodRunner.java:46)
at org.testng.internal.TestInvoker$MethodInvocationAgent.invoke(TestInvoker.java:804)
at org.testng.internal.TestInvoker.invokeTestMethods(TestInvoker.java:145)
at org.testng.internal.TestMethodWorker.invokeTestMethods(TestMethodWorker.java:146)
at org.testng.internal.TestMethodWorker.run(TestMethodWorker.java:128)
at java.util.ArrayList.forEach(ArrayList.java:1257)
at org.testng.TestRunner.privateRun(TestRunner.java:770)
at org.testng.TestRunner.run(TestRunner.java:591)
at org.testng.SuiteRunner.runTest(SuiteRunner.java:402)
at org.testng.SuiteRunner.runSequentially(SuiteRunner.java:396)
at org.testng.SuiteRunner.privateRun(SuiteRunner.java:355)
at org.testng.SuiteRunner.run(SuiteRunner.java:304)
at org.testng.SuiteRunnerWorker.runSuite(SuiteRunnerWorker.java:53)
at org.testng.SuiteRunnerWorker.run(SuiteRunnerWorker.java:96)
at org.testng.TestNG.runSuitesSequentially(TestNG.java:1180)
at org.testng.TestNG.runSuitesLocally(TestNG.java:1102)
at org.testng.TestNG.runSuites(TestNG.java:1032)
at org.testng.TestNG.run(TestNG.java:1000)
at org.apache.maven.surefire.testng.TestNGExecutor.run(TestNGExecutor.java:77)
at org.apache.maven.surefire.testng.TestNGDirectoryTestSuite.executeMulti(TestNGDirectoryTestSuite.java:159)
at org.apache.maven.surefire.testng.TestNGDirectoryTestSuite.execute(TestNGDirectoryTestSuite.java:99)
at org.apache.maven.surefire.testng.TestNGProvider.invoke(TestNGProvider.java:106)
at sun.reflect.NativeMethodAccessorImpl.invoke0(Native Method)
at sun.reflect.NativeMethodAccessorImpl.invoke(NativeMethodAccessorImpl.java:62)
at sun.reflect.DelegatingMethodAccessorImpl.invoke(DelegatingMethodAccessorImpl.java:43)
at java.lang.reflect.Method.invoke(Method.java:498)
at org.apache.maven.surefire.util.ReflectionUtils.invokeMethodWithArray(ReflectionUtils.java:189)
at org.apache.maven.surefire.booter.ProviderFactory$ProviderProxy.invoke(ProviderFactory.java:165)
at org.apache.maven.surefire.booter.ProviderFactory.invokeProvider(ProviderFactory.java:85)
at org.apache.maven.surefire.booter.ForkedBooter.runSuitesInProcess(ForkedBooter.java:115)
at org.apache.maven.surefire.booter.ForkedBooter.main(ForkedBooter.java:75)
]]>
            </full-stacktrace>
          </exception> <!-- java.lang.AssertionError -->
          <reporter-output>
          </reporter-output>
        </test-method> <!-- homepageValidation -->
        <test-method status="FAIL" signature="usernameValidation()[pri:0, instance:com.testng.retryanalyser.SampleTest@548e7350]" name="usernameValidation" duration-ms="1" started-at="2021-03-02T06:56:11 IST" finished-at="2021-03-02T06:56:11 IST">
          <exception class="java.lang.AssertionError">
            <message>
              <![CDATA[expected [ArunKumar] but found [Arun]]]>
            </message>
            <full-stacktrace>
              <![CDATA[java.lang.AssertionError: expected [ArunKumar] but found [Arun]
at org.testng.Assert.fail(Assert.java:97)
at org.testng.Assert.assertEqualsImpl(Assert.java:136)
at org.testng.Assert.assertEquals(Assert.java:118)
at org.testng.Assert.assertEquals(Assert.java:575)
at org.testng.Assert.assertEquals(Assert.java:585)
at com.testng.retryanalyser.SampleTest.usernameValidation(SampleTest.java:12)
at sun.reflect.NativeMethodAccessorImpl.invoke0(Native Method)
at sun.reflect.NativeMethodAccessorImpl.invoke(NativeMethodAccessorImpl.java:62)
at sun.reflect.DelegatingMethodAccessorImpl.invoke(DelegatingMethodAccessorImpl.java:43)
at java.lang.reflect.Method.invoke(Method.java:498)
at org.testng.internal.MethodInvocationHelper.invokeMethod(MethodInvocationHelper.java:133)
at org.testng.internal.TestInvoker.invokeMethod(TestInvoker.java:584)
at org.testng.internal.TestInvoker.invokeTestMethod(TestInvoker.java:172)
at org.testng.internal.MethodRunner.runInSequence(MethodRunner.java:46)
at org.testng.internal.TestInvoker$MethodInvocationAgent.invoke(TestInvoker.java:804)
at org.testng.internal.TestInvoker.invokeTestMethods(TestInvoker.java:145)
at org.testng.internal.TestMethodWorker.invokeTestMethods(TestMethodWorker.java:146)
at org.testng.internal.TestMethodWorker.run(TestMethodWorker.java:128)
at java.util.ArrayList.forEach(ArrayList.java:1257)
at org.testng.TestRunner.privateRun(TestRunner.java:770)
at org.testng.TestRunner.run(TestRunner.java:591)
at org.testng.SuiteRunner.runTest(SuiteRunner.java:402)
at org.testng.SuiteRunner.runSequentially(SuiteRunner.java:396)
at org.testng.SuiteRunner.privateRun(SuiteRunner.java:355)
at org.testng.SuiteRunner.run(SuiteRunner.java:304)
at org.testng.SuiteRunnerWorker.runSuite(SuiteRunnerWorker.java:53)
at org.testng.SuiteRunnerWorker.run(SuiteRunnerWorker.java:96)
at org.testng.TestNG.runSuitesSequentially(TestNG.java:1180)
at org.testng.TestNG.runSuitesLocally(TestNG.java:1102)
at org.testng.TestNG.runSuites(TestNG.java:1032)
at org.testng.TestNG.run(TestNG.java:1000)
at org.apache.maven.surefire.testng.TestNGExecutor.run(TestNGExecutor.java:77)
at org.apache.maven.surefire.testng.TestNGDirectoryTestSuite.executeMulti(TestNGDirectoryTestSuite.java:159)
at org.apache.maven.surefire.testng.TestNGDirectoryTestSuite.execute(TestNGDirectoryTestSuite.java:99)
at org.apache.maven.surefire.testng.TestNGProvider.invoke(TestNGProvider.java:106)
at sun.reflect.NativeMethodAccessorImpl.invoke0(Native Method)
at sun.reflect.NativeMethodAccessorImpl.invoke(NativeMethodAccessorImpl.java:62)
at sun.reflect.DelegatingMethodAccessorImpl.invoke(DelegatingMethodAccessorImpl.java:43)
at java.lang.reflect.Method.invoke(Method.java:498)
at org.apache.maven.surefire.util.ReflectionUtils.invokeMethodWithArray(ReflectionUtils.java:189)
at org.apache.maven.surefire.booter.ProviderFactory$ProviderProxy.invoke(ProviderFactory.java:165)
at org.apache.maven.surefire.booter.ProviderFactory.invokeProvider(ProviderFactory.java:85)
at org.apache.maven.surefire.booter.ForkedBooter.runSuitesInProcess(ForkedBooter.java:115)
at org.apache.maven.surefire.booter.ForkedBooter.main(ForkedBooter.java:75)
]]>
            </full-stacktrace>
          </exception> <!-- java.lang.AssertionError -->
          <reporter-output>
          </reporter-output>
        </test-method> <!-- usernameValidation -->
      </class> <!-- com.testng.retryanalyser.SampleTest -->
      <class name="com.test.concepts.GroupTest">
        <test-method status="PASS" signature="APITest1()[pri:0, instance:com.test.concepts.GroupTest@7d9d1a19]" name="APITest1" duration-ms="1" started-at="2021-03-02T06:55:24 IST" finished-at="2021-03-02T06:55:24 IST">
          <reporter-output>
          </reporter-output>
        </test-method> <!-- APITest1 -->
        <test-method status="PASS" signature="APITest2()[pri:0, instance:com.test.concepts.GroupTest@7d9d1a19]" name="APITest2" duration-ms="0" started-at="2021-03-02T06:55:24 IST" finished-at="2021-03-02T06:55:24 IST">
          <reporter-output>
          </reporter-output>
        </test-method> <!-- APITest2 -->
        <test-method status="PASS" signature="git1()[pri:0, instance:com.test.concepts.GroupTest@7d9d1a19]" name="git1" duration-ms="1" started-at="2021-03-02T06:55:24 IST" finished-at="2021-03-02T06:55:24 IST">
          <reporter-output>
          </reporter-output>
        </test-method> <!-- git1 -->
        <test-method status="PASS" signature="git2()[pri:0, instance:com.test.concepts.GroupTest@7d9d1a19]" name="git2" duration-ms="0" started-at="2021-03-02T06:55:24 IST" finished-at="2021-03-02T06:55:24 IST">
          <reporter-output>
          </reporter-output>
        </test-method> <!-- git2 -->
        <test-method status="PASS" signature="seleniumTest1()[pri:0, instance:com.test.concepts.GroupTest@7d9d1a19]" name="seleniumTest1" duration-ms="1" started-at="2021-03-02T06:55:24 IST" finished-at="2021-03-02T06:55:24 IST">
          <reporter-output>
          </reporter-output>
        </test-method> <!-- seleniumTest1 -->
        <test-method status="PASS" signature="seleniumTest2()[pri:0, instance:com.test.concepts.GroupTest@7d9d1a19]" name="seleniumTest2" duration-ms="1" started-at="2021-03-02T06:55:24 IST" finished-at="2021-03-02T06:55:24 IST">
          <reporter-output>
          </reporter-output>
        </test-method> <!-- seleniumTest2 -->
      </class> <!-- com.test.concepts.GroupTest -->
      <class name="com.test.concepts.DataProviderTest">
        <test-method status="PASS" signature="logIn(java.lang.String, java.lang.String)[pri:0, instance:com.test.concepts.DataProviderTest@6093dd95]" name="logIn" duration-ms="12" started-at="2021-03-02T06:55:24 IST" data-provider="logInData" finished-at="2021-03-02T06:55:24 IST">
          <params>
            <param index="0">
              <value>
                <![CDATA[AAA]]>
              </value>
            </param>
            <param index="1">
              <value>
                <![CDATA[111]]>
              </value>
            </param>
          </params>
          <reporter-output>
          </reporter-output>
        </test-method> <!-- logIn -->
        <test-method status="PASS" signature="logIn(java.lang.String, java.lang.String)[pri:0, instance:com.test.concepts.DataProviderTest@6093dd95]" name="logIn" duration-ms="0" started-at="2021-03-02T06:55:24 IST" data-provider="logInData" finished-at="2021-03-02T06:55:24 IST">
          <params>
            <param index="0">
              <value>
                <![CDATA[BBB]]>
              </value>
            </param>
            <param index="1">
              <value>
                <![CDATA[222]]>
              </value>
            </param>
          </params>
          <reporter-output>
          </reporter-output>
        </test-method> <!-- logIn -->
        <test-method status="PASS" signature="logIn(java.lang.String, java.lang.String)[pri:0, instance:com.test.concepts.DataProviderTest@6093dd95]" name="logIn" duration-ms="0" started-at="2021-03-02T06:55:24 IST" data-provider="logInData" finished-at="2021-03-02T06:55:24 IST">
          <params>
            <param index="0">
              <value>
                <![CDATA[CCC]]>
              </value>
            </param>
            <param index="1">
              <value>
                <![CDATA[333]]>
              </value>
            </param>
          </params>
          <reporter-output>
          </reporter-output>
        </test-method> <!-- logIn -->
      </class> <!-- com.test.concepts.DataProviderTest -->
      <class name="com.test.concepts.ParameterisedTest">
        <test-method status="FAIL" signature="logIn(java.lang.String, java.lang.String)[pri:0, instance:com.test.concepts.ParameterisedTest@57baeedf]" name="logIn" duration-ms="0" started-at="2021-03-02T06:56:08 IST" finished-at="2021-03-02T06:56:08 IST">
          <exception class="org.testng.TestNGException">
            <message>
              <![CDATA[
Parameter 'password' is required by @Test on method logIn but has not been marked @Optional or defined
]]>
            </message>
            <full-stacktrace>
              <![CDATA[org.testng.TestNGException: 
Parameter 'password' is required by @Test on method logIn but has not been marked @Optional or defined

at org.testng.internal.Parameters.createParams(Parameters.java:289)
at org.testng.internal.Parameters.createParametersForMethod(Parameters.java:377)
at org.testng.internal.Parameters.createParameters(Parameters.java:721)
at org.testng.internal.Parameters.handleParameters(Parameters.java:895)
at org.testng.internal.Parameters.handleParameters(Parameters.java:762)
at org.testng.internal.ParameterHandler.handleParameters(ParameterHandler.java:60)
at org.testng.internal.ParameterHandler.createParameters(ParameterHandler.java:39)
at org.testng.internal.TestInvoker$MethodInvocationAgent.invoke(TestInvoker.java:771)
at org.testng.internal.TestInvoker.invokeTestMethods(TestInvoker.java:145)
at org.testng.internal.TestMethodWorker.invokeTestMethods(TestMethodWorker.java:146)
at org.testng.internal.TestMethodWorker.run(TestMethodWorker.java:128)
at java.util.ArrayList.forEach(ArrayList.java:1257)
at org.testng.TestRunner.privateRun(TestRunner.java:770)
at org.testng.TestRunner.run(TestRunner.java:591)
at org.testng.SuiteRunner.runTest(SuiteRunner.java:402)
at org.testng.SuiteRunner.runSequentially(SuiteRunner.java:396)
at org.testng.SuiteRunner.privateRun(SuiteRunner.java:355)
at org.testng.SuiteRunner.run(SuiteRunner.java:304)
at org.testng.SuiteRunnerWorker.runSuite(SuiteRunnerWorker.java:53)
at org.testng.SuiteRunnerWorker.run(SuiteRunnerWorker.java:96)
at org.testng.TestNG.runSuitesSequentially(TestNG.java:1180)
at org.testng.TestNG.runSuitesLocally(TestNG.java:1102)
at org.testng.TestNG.runSuites(TestNG.java:1032)
at org.testng.TestNG.run(TestNG.java:1000)
at org.apache.maven.surefire.testng.TestNGExecutor.run(TestNGExecutor.java:77)
at org.apache.maven.surefire.testng.TestNGDirectoryTestSuite.executeMulti(TestNGDirectoryTestSuite.java:159)
at org.apache.maven.surefire.testng.TestNGDirectoryTestSuite.execute(TestNGDirectoryTestSuite.java:99)
at org.apache.maven.surefire.testng.TestNGProvider.invoke(TestNGProvider.java:106)
at sun.reflect.NativeMethodAccessorImpl.invoke0(Native Method)
at sun.reflect.NativeMethodAccessorImpl.invoke(NativeMethodAccessorImpl.java:62)
at sun.reflect.DelegatingMethodAccessorImpl.invoke(DelegatingMethodAccessorImpl.java:43)
at java.lang.reflect.Method.invoke(Method.java:498)
at org.apache.maven.surefire.util.ReflectionUtils.invokeMethodWithArray(ReflectionUtils.java:189)
at org.apache.maven.surefire.booter.ProviderFactory$ProviderProxy.invoke(ProviderFactory.java:165)
at org.apache.maven.surefire.booter.ProviderFactory.invokeProvider(ProviderFactory.java:85)
at org.apache.maven.surefire.booter.ForkedBooter.runSuitesInProcess(ForkedBooter.java:115)
at org.apache.maven.surefire.booter.ForkedBooter.main(ForkedBooter.java:75)
]]>
            </full-stacktrace>
          </exception> <!-- org.testng.TestNGException -->
          <reporter-output>
          </reporter-output>
        </test-method> <!-- logIn -->
      </class> <!-- com.test.concepts.ParameterisedTest -->
      <class name="com.test.concepts.ParallelTest">
        <test-method status="PASS" signature="amazonTest()[pri:0, instance:com.test.concepts.ParallelTest@42e26948]" name="amazonTest" duration-ms="26983" started-at="2021-03-02T06:55:24 IST" finished-at="2021-03-02T06:55:51 IST">
          <reporter-output>
          </reporter-output>
        </test-method> <!-- amazonTest -->
        <test-method status="PASS" signature="flipKart()[pri:0, instance:com.test.concepts.ParallelTest@42e26948]" name="flipKart" duration-ms="16773" started-at="2021-03-02T06:55:51 IST" finished-at="2021-03-02T06:56:08 IST">
          <reporter-output>
          </reporter-output>
        </test-method> <!-- flipKart -->
      </class> <!-- com.test.concepts.ParallelTest -->
      <class name="com.test.concepts.ExceptionTest">
        <test-method status="PASS" signature="test()[pri:0, instance:com.test.concepts.ExceptionTest@4883b407]" name="test" duration-ms="1" started-at="2021-03-02T06:55:24 IST" finished-at="2021-03-02T06:55:24 IST">
          <exception class="java.lang.ArithmeticException">
            <message>
              <![CDATA[/ by zero]]>
            </message>
            <full-stacktrace>
              <![CDATA[java.lang.ArithmeticException: / by zero
at com.test.concepts.ExceptionTest.test(ExceptionTest.java:9)
at sun.reflect.NativeMethodAccessorImpl.invoke0(Native Method)
at sun.reflect.NativeMethodAccessorImpl.invoke(NativeMethodAccessorImpl.java:62)
at sun.reflect.DelegatingMethodAccessorImpl.invoke(DelegatingMethodAccessorImpl.java:43)
at java.lang.reflect.Method.invoke(Method.java:498)
at org.testng.internal.MethodInvocationHelper.invokeMethod(MethodInvocationHelper.java:133)
at org.testng.internal.TestInvoker.invokeMethod(TestInvoker.java:584)
at org.testng.internal.TestInvoker.invokeTestMethod(TestInvoker.java:172)
at org.testng.internal.MethodRunner.runInSequence(MethodRunner.java:46)
at org.testng.internal.TestInvoker$MethodInvocationAgent.invoke(TestInvoker.java:804)
at org.testng.internal.TestInvoker.invokeTestMethods(TestInvoker.java:145)
at org.testng.internal.TestMethodWorker.invokeTestMethods(TestMethodWorker.java:146)
at org.testng.internal.TestMethodWorker.run(TestMethodWorker.java:128)
at java.util.ArrayList.forEach(ArrayList.java:1257)
at org.testng.TestRunner.privateRun(TestRunner.java:770)
at org.testng.TestRunner.run(TestRunner.java:591)
at org.testng.SuiteRunner.runTest(SuiteRunner.java:402)
at org.testng.SuiteRunner.runSequentially(SuiteRunner.java:396)
at org.testng.SuiteRunner.privateRun(SuiteRunner.java:355)
at org.testng.SuiteRunner.run(SuiteRunner.java:304)
at org.testng.SuiteRunnerWorker.runSuite(SuiteRunnerWorker.java:53)
at org.testng.SuiteRunnerWorker.run(SuiteRunnerWorker.java:96)
at org.testng.TestNG.runSuitesSequentially(TestNG.java:1180)
at org.testng.TestNG.runSuitesLocally(TestNG.java:1102)
at org.testng.TestNG.runSuites(TestNG.java:1032)
at org.testng.TestNG.run(TestNG.java:1000)
at org.apache.maven.surefire.testng.TestNGExecutor.run(TestNGExecutor.java:77)
at org.apache.maven.surefire.testng.TestNGDirectoryTestSuite.executeMulti(TestNGDirectoryTestSuite.java:159)
at org.apache.maven.surefire.testng.TestNGDirectoryTestSuite.execute(TestNGDirectoryTestSuite.java:99)
at org.apache.maven.surefire.testng.TestNGProvider.invoke(TestNGProvider.java:106)
at sun.reflect.NativeMethodAccessorImpl.invoke0(Native Method)
at sun.reflect.NativeMethodAccessorImpl.invoke(NativeMethodAccessorImpl.java:62)
at sun.reflect.DelegatingMethodAccessorImpl.invoke(DelegatingMethodAccessorImpl.java:43)
at java.lang.reflect.Method.invoke(Method.java:498)
at org.apache.maven.surefire.util.ReflectionUtils.invokeMethodWithArray(ReflectionUtils.java:189)
at org.apache.maven.surefire.booter.ProviderFactory$ProviderProxy.invoke(ProviderFactory.java:165)
at org.apache.maven.surefire.booter.ProviderFactory.invokeProvider(ProviderFactory.java:85)
at org.apache.maven.surefire.booter.ForkedBooter.runSuitesInProcess(ForkedBooter.java:115)
at org.apache.maven.surefire.booter.ForkedBooter.main(ForkedBooter.java:75)
]]>
            </full-stacktrace>
          </exception> <!-- java.lang.ArithmeticException -->
          <reporter-output>
          </reporter-output>
        </test-method> <!-- test -->
      </class> <!-- com.test.concepts.ExceptionTest -->
      <class name="com.test.concepts.PriorityTest">
        <test-method status="PASS" signature="searchLaptop()[pri:-4, instance:com.test.concepts.PriorityTest@343f4d3d]" name="searchLaptop" duration-ms="1" started-at="2021-03-02T06:56:08 IST" finished-at="2021-03-02T06:56:08 IST">
          <reporter-output>
          </reporter-output>
        </test-method> <!-- searchLaptop -->
        <test-method status="PASS" signature="searchTv()[pri:-2, instance:com.test.concepts.PriorityTest@343f4d3d]" name="searchTv" duration-ms="0" started-at="2021-03-02T06:56:08 IST" finished-at="2021-03-02T06:56:08 IST">
          <reporter-output>
          </reporter-output>
        </test-method> <!-- searchTv -->
        <test-method status="PASS" signature="searchFruits()[pri:-1, instance:com.test.concepts.PriorityTest@343f4d3d]" name="searchFruits" duration-ms="0" started-at="2021-03-02T06:56:08 IST" finished-at="2021-03-02T06:56:08 IST">
          <reporter-output>
          </reporter-output>
        </test-method> <!-- searchFruits -->
        <test-method status="PASS" signature="searchWatch()[pri:0, instance:com.test.concepts.PriorityTest@343f4d3d]" name="searchWatch" duration-ms="0" started-at="2021-03-02T06:56:08 IST" finished-at="2021-03-02T06:56:08 IST">
          <reporter-output>
          </reporter-output>
        </test-method> <!-- searchWatch -->
        <test-method status="PASS" signature="searchMobile()[pri:3, instance:com.test.concepts.PriorityTest@343f4d3d]" name="searchMobile" duration-ms="1" started-at="2021-03-02T06:56:08 IST" finished-at="2021-03-02T06:56:08 IST">
          <reporter-output>
          </reporter-output>
        </test-method> <!-- searchMobile -->
      </class> <!-- com.test.concepts.PriorityTest -->
      <class name="com.test.concepts.IgnoreTest">
        <test-method status="PASS" signature="searchTv()[pri:0, instance:com.test.concepts.IgnoreTest@39c0f4a]" name="searchTv" duration-ms="1" started-at="2021-03-02T06:55:24 IST" finished-at="2021-03-02T06:55:24 IST">
          <reporter-output>
          </reporter-output>
        </test-method> <!-- searchTv -->
      </class> <!-- com.test.concepts.IgnoreTest -->
      <class name="com.test.concepts.InvocationTest">
        <test-method status="PASS" signature="searchLaptop()[pri:0, instance:com.test.concepts.InvocationTest@1794d431]" name="searchLaptop" duration-ms="1" started-at="2021-03-02T06:55:24 IST" finished-at="2021-03-02T06:55:24 IST">
          <reporter-output>
          </reporter-output>
        </test-method> <!-- searchLaptop -->
        <test-method status="PASS" signature="searchLaptop()[pri:0, instance:com.test.concepts.InvocationTest@1794d431]" name="searchLaptop" duration-ms="0" started-at="2021-03-02T06:55:24 IST" finished-at="2021-03-02T06:55:24 IST">
          <reporter-output>
          </reporter-output>
        </test-method> <!-- searchLaptop -->
        <test-method status="PASS" signature="searchMobile()[pri:0, instance:com.test.concepts.InvocationTest@1794d431]" name="searchMobile" duration-ms="1" started-at="2021-03-02T06:55:24 IST" finished-at="2021-03-02T06:55:24 IST">
          <reporter-output>
          </reporter-output>
        </test-method> <!-- searchMobile -->
        <test-method status="PASS" signature="searchMobile()[pri:0, instance:com.test.concepts.InvocationTest@1794d431]" name="searchMobile" duration-ms="0" started-at="2021-03-02T06:55:24 IST" finished-at="2021-03-02T06:55:24 IST">
          <reporter-output>
          </reporter-output>
        </test-method> <!-- searchMobile -->
        <test-method status="PASS" signature="searchMobile()[pri:0, instance:com.test.concepts.InvocationTest@1794d431]" name="searchMobile" duration-ms="0" started-at="2021-03-02T06:55:24 IST" finished-at="2021-03-02T06:55:24 IST">
          <reporter-output>
          </reporter-output>
        </test-method> <!-- searchMobile -->
        <test-method status="PASS" signature="searchMobile()[pri:0, instance:com.test.concepts.InvocationTest@1794d431]" name="searchMobile" duration-ms="0" started-at="2021-03-02T06:55:24 IST" finished-at="2021-03-02T06:55:24 IST">
          <reporter-output>
          </reporter-output>
        </test-method> <!-- searchMobile -->
        <test-method status="PASS" signature="searchWatch()[pri:0, instance:com.test.concepts.InvocationTest@1794d431]" name="searchWatch" duration-ms="0" started-at="2021-03-02T06:55:24 IST" finished-at="2021-03-02T06:55:24 IST">
          <reporter-output>
          </reporter-output>
        </test-method> <!-- searchWatch -->
      </class> <!-- com.test.concepts.InvocationTest -->
    </test> <!-- Command line test -->
  </suite> <!-- Command line suite -->
</testng-results>
