<?xml version="1.0" encoding="UTF-8"?>
<!-- Generated by org.testng.reporters.JUnitReportReporter -->
<testsuite skipped="0" hostname="LAPTOP-FR81P7PN" name="com.test.concepts.ParallelTest" tests="2" failures="0" timestamp="2021-07-18T14:35:06 IST" time="6.528" errors="1">
  <testcase name="flipKart" time="3.515" classname="com.test.concepts.ParallelTest"/>
  <testcase name="amazonTest" time="3.013" classname="com.test.concepts.ParallelTest">
    <error type="org.openqa.selenium.SessionNotCreatedException" message="session not created: This version of ChromeDriver only supports Chrome version 89
Current browser version is 91.0.4472.124 with binary path C:\Program Files (x86)\Google\Chrome\Application\chrome.exe
Build info: version: &#039;3.141.59&#039;, revision: &#039;e82be7d358&#039;, time: &#039;2018-11-14T08:17:03&#039;
System info: host: &#039;LAPTOP-FR81P7PN&#039;, ip: &#039;192.168.1.9&#039;, os.name: &#039;Windows 10&#039;, os.arch: &#039;amd64&#039;, os.version: &#039;10.0&#039;, java.version: &#039;1.8.0_181&#039;
Driver info: driver.version: ChromeDriver
remote stacktrace: Backtrace:
	Ordinal0 [0x0020E7D3+124883]
	Ordinal0 [0x0020E7B1+124849]
	GetHandleVerifier [0x00458688+193832]
	GetHandleVerifier [0x00473AC5+305509]
	GetHandleVerifier [0x0047021B+291003]
	GetHandleVerifier [0x0046E0AC+282444]
	GetHandleVerifier [0x00494A90+440624]
	GetHandleVerifier [0x004947FC+439964]
	GetHandleVerifier [0x0049154B+426987]
	GetHandleVerifier [0x00474FFD+310941]
	GetHandleVerifier [0x00475D8E+314414]
	GetHandleVerifier [0x00475D19+314297]
	GetHandleVerifier [0x005331EC+1089676]
	GetHandleVerifier [0x005317C9+1082985]
	GetHandleVerifier [0x005313A3+1081923]
	GetHandleVerifier [0x0062D9FD+2115741]
	Ordinal0 [0x0035B82E+1488942]
	Ordinal0 [0x002F5A7D+1071741]
	Ordinal0 [0x002F559B+1070491]
	Ordinal0 [0x002F54B1+1070257]
	Ordinal0 [0x0032FF53+1310547]
	BaseThreadInitThunk [0x7754FA29+25]
	RtlGetAppContainerNamedObjectPath [0x77CC7A7E+286]
	RtlGetAppContainerNamedObjectPath [0x77CC7A4E+238]
">
      <![CDATA[org.openqa.selenium.SessionNotCreatedException: session not created: This version of ChromeDriver only supports Chrome version 89
Current browser version is 91.0.4472.124 with binary path C:\Program Files (x86)\Google\Chrome\Application\chrome.exe
Build info: version: '3.141.59', revision: 'e82be7d358', time: '2018-11-14T08:17:03'
System info: host: 'LAPTOP-FR81P7PN', ip: '192.168.1.9', os.name: 'Windows 10', os.arch: 'amd64', os.version: '10.0', java.version: '1.8.0_181'
Driver info: driver.version: ChromeDriver
remote stacktrace: Backtrace:
Ordinal0 [0x0020E7D3+124883]
Ordinal0 [0x0020E7B1+124849]
GetHandleVerifier [0x00458688+193832]
GetHandleVerifier [0x00473AC5+305509]
GetHandleVerifier [0x0047021B+291003]
GetHandleVerifier [0x0046E0AC+282444]
GetHandleVerifier [0x00494A90+440624]
GetHandleVerifier [0x004947FC+439964]
GetHandleVerifier [0x0049154B+426987]
GetHandleVerifier [0x00474FFD+310941]
GetHandleVerifier [0x00475D8E+314414]
GetHandleVerifier [0x00475D19+314297]
GetHandleVerifier [0x005331EC+1089676]
GetHandleVerifier [0x005317C9+1082985]
GetHandleVerifier [0x005313A3+1081923]
GetHandleVerifier [0x0062D9FD+2115741]
Ordinal0 [0x0035B82E+1488942]
Ordinal0 [0x002F5A7D+1071741]
Ordinal0 [0x002F559B+1070491]
Ordinal0 [0x002F54B1+1070257]
Ordinal0 [0x0032FF53+1310547]
BaseThreadInitThunk [0x7754FA29+25]
RtlGetAppContainerNamedObjectPath [0x77CC7A7E+286]
RtlGetAppContainerNamedObjectPath [0x77CC7A4E+238]

at sun.reflect.NativeConstructorAccessorImpl.newInstance0(Native Method)
at sun.reflect.NativeConstructorAccessorImpl.newInstance(NativeConstructorAccessorImpl.java:62)
at sun.reflect.DelegatingConstructorAccessorImpl.newInstance(DelegatingConstructorAccessorImpl.java:45)
at java.lang.reflect.Constructor.newInstance(Constructor.java:423)
at org.openqa.selenium.remote.W3CHandshakeResponse.lambda$errorHandler$0(W3CHandshakeResponse.java:62)
at org.openqa.selenium.remote.HandshakeResponse.lambda$getResponseFunction$0(HandshakeResponse.java:30)
at org.openqa.selenium.remote.ProtocolHandshake.lambda$createSession$0(ProtocolHandshake.java:126)
at java.util.stream.ReferencePipeline$3$1.accept(ReferencePipeline.java:193)
at java.util.Spliterators$ArraySpliterator.tryAdvance(Spliterators.java:958)
at java.util.stream.ReferencePipeline.forEachWithCancel(ReferencePipeline.java:126)
at java.util.stream.AbstractPipeline.copyIntoWithCancel(AbstractPipeline.java:498)
at java.util.stream.AbstractPipeline.copyInto(AbstractPipeline.java:485)
at java.util.stream.AbstractPipeline.wrapAndCopyInto(AbstractPipeline.java:471)
at java.util.stream.FindOps$FindOp.evaluateSequential(FindOps.java:152)
at java.util.stream.AbstractPipeline.evaluate(AbstractPipeline.java:234)
at java.util.stream.ReferencePipeline.findFirst(ReferencePipeline.java:464)
at org.openqa.selenium.remote.ProtocolHandshake.createSession(ProtocolHandshake.java:128)
at org.openqa.selenium.remote.ProtocolHandshake.createSession(ProtocolHandshake.java:74)
at org.openqa.selenium.remote.HttpCommandExecutor.execute(HttpCommandExecutor.java:136)
at org.openqa.selenium.remote.service.DriverCommandExecutor.execute(DriverCommandExecutor.java:83)
at org.openqa.selenium.remote.RemoteWebDriver.execute(RemoteWebDriver.java:552)
at org.openqa.selenium.remote.RemoteWebDriver.startSession(RemoteWebDriver.java:213)
at org.openqa.selenium.remote.RemoteWebDriver.<init>(RemoteWebDriver.java:131)
at org.openqa.selenium.chrome.ChromeDriver.<init>(ChromeDriver.java:181)
at org.openqa.selenium.chrome.ChromeDriver.<init>(ChromeDriver.java:168)
at org.openqa.selenium.chrome.ChromeDriver.<init>(ChromeDriver.java:123)
at com.test.concepts.ParallelTest.amazonTest(ParallelTest.java:12)
at sun.reflect.NativeMethodAccessorImpl.invoke0(Native Method)
at sun.reflect.NativeMethodAccessorImpl.invoke(NativeMethodAccessorImpl.java:62)
at sun.reflect.DelegatingMethodAccessorImpl.invoke(DelegatingMethodAccessorImpl.java:43)
at java.lang.reflect.Method.invoke(Method.java:498)
at org.testng.internal.MethodInvocationHelper.invokeMethod(MethodInvocationHelper.java:133)
at org.testng.internal.TestInvoker.invokeMethod(TestInvoker.java:584)
at org.testng.internal.TestInvoker.invokeTestMethod(TestInvoker.java:172)
at org.testng.internal.MethodRunner.runInSequence(MethodRunner.java:46)
at org.testng.internal.TestInvoker$MethodInvocationAgent.invoke(TestInvoker.java:804)
at org.testng.internal.TestInvoker.invokeTestMethods(TestInvoker.java:145)
at org.testng.internal.TestMethodWorker.invokeTestMethods(TestMethodWorker.java:146)
at org.testng.internal.TestMethodWorker.run(TestMethodWorker.java:128)
at java.util.concurrent.ThreadPoolExecutor.runWorker(ThreadPoolExecutor.java:1149)
at java.util.concurrent.ThreadPoolExecutor$Worker.run(ThreadPoolExecutor.java:624)
at java.lang.Thread.run(Thread.java:748)
]]>
    </error>
  </testcase> <!-- amazonTest -->
</testsuite> <!-- com.test.concepts.ParallelTest -->
